trainable params: 6,815,744 || all params: 7,248,547,840 || trainable%: 0.0940290959023318
Test Accuracy: 0.5207100591715976
Test F1 Score: 0.06177606177606178
Test Precision: 0.7272727272727273
Test Recall: 0.03225806451612903
Accuracy: 0.52465483234714, F1: 0.5426944971537002, Precision: 0.5125448028673835, Recall: 0.5766129032258065
              precision    recall  f1-score   support

           0       0.54      0.47      0.51       259
           1       0.51      0.58      0.54       248

    accuracy                           0.52       507
   macro avg       0.53      0.53      0.52       507
weighted avg       0.53      0.52      0.52       507

Accuracy: 0.4891518737672584, F1: 0.6560424966799469, Precision: 0.4891089108910891, Recall: 0.9959677419354839
              precision    recall  f1-score   support

           0       0.50      0.00      0.01       259
           1       0.49      1.00      0.66       248

    accuracy                           0.49       507
   macro avg       0.49      0.50      0.33       507
weighted avg       0.49      0.49      0.32       507

Accuracy: 0.4911242603550296, F1: 0.6578249336870027, Precision: 0.4901185770750988, Recall: 1.0
              precision    recall  f1-score   support

           0       1.00      0.00      0.01       259
           1       0.49      1.00      0.66       248

    accuracy                           0.49       507
   macro avg       0.75      0.50      0.33       507
weighted avg       0.75      0.49      0.33       507

